select table_name from insformaton_schema 
Invalid object name 'insformaton_schema'.7/5/2013 10:51:55 PM

select table_name from informaton_schema 
Invalid object name 'informaton_schema'.7/5/2013 10:52:38 PM

select table_name from information_schema 
Invalid object name 'information_schema'.7/5/2013 10:53:15 PM

Login failed for user 'saa'.7/6/2013 12:17:07 AM

Login failed for user 'saa'.7/6/2013 12:17:08 AM

Access denied for user 'sa'@'localhost' (using password: YES)7/6/2013 4:53:08 PM

Access denied for user 'sa'@'localhost' (using password: YES)7/6/2013 4:53:09 PM

Access denied for user 'sa'@'localhost' (using password: YES)7/6/2013 4:53:23 PM

Access denied for user 'sa'@'localhost' (using password: YES)7/6/2013 4:53:24 PM

Access denied for user 'sa'@'localhost' (using password: YES)7/6/2013 4:53:31 PM

Access denied for user 'sa'@'localhost' (using password: YES)7/6/2013 4:53:32 PM

Access denied for user 'sa'@'localhost' (using password: YES)7/6/2013 4:53:45 PM

Access denied for user 'sa'@'localhost' (using password: YES)7/6/2013 4:53:46 PM

Access denied for user 'sa'@'localhost' (using password: YES)7/6/2013 4:54:19 PM

Access denied for user 'sa'@'localhost' (using password: YES)7/6/2013 4:54:20 PM

Access denied for user 'sa'@'localhost' (using password: YES)7/6/2013 5:05:48 PM

Access denied for user 'sa'@'localhost' (using password: YES)7/6/2013 5:05:49 PM

Access denied for user 'sa'@'localhost' (using password: YES)7/6/2013 5:11:48 PM

Access denied for user 'sa'@'localhost' (using password: YES)7/6/2013 5:11:50 PM

A network-related or instance-specific error occurred while establishing a connection to SQL Server. The server was not found or was not accessible. Verify that the instance name is correct and that SQL Server is configured to allow remote connections. (provider: Named Pipes Provider, error: 40 - Could not open a connection to SQL Server)4/5/2014 6:40:11 PM

A network-related or instance-specific error occurred while establishing a connection to SQL Server. The server was not found or was not accessible. Verify that the instance name is correct and that SQL Server is configured to allow remote connections. (provider: Named Pipes Provider, error: 40 - Could not open a connection to SQL Server)4/5/2014 6:40:11 PM

A network-related or instance-specific error occurred while establishing a connection to SQL Server. The server was not found or was not accessible. Verify that the instance name is correct and that SQL Server is configured to allow remote connections. (provider: SQL Network Interfaces, error: 26 - Error Locating Server/Instance Specified)12/11/2014 10:09:08 AM

A network-related or instance-specific error occurred while establishing a connection to SQL Server. The server was not found or was not accessible. Verify that the instance name is correct and that SQL Server is configured to allow remote connections. (provider: SQL Network Interfaces, error: 26 - Error Locating Server/Instance Specified)12/11/2014 10:09:09 AM

